<?xml version="1.0" encoding="UTF-8"?>
<!-- Generated by org.testng.reporters.JUnitReportReporter -->
<testsuite skipped="0" hostname="IBM242-PC07HSF0" name="com.companyname.projectname.Test.TestController" tests="1" failures="0" timestamp="22 Oct 2018 13:33:27 GMT" time="70.890" errors="0">
  <testcase name="TestCaseController" time="70.890" classname="com.companyname.projectname.Test.TestController"/>
</testsuite> <!-- com.companyname.projectname.Test.TestController -->
