<?xml version="1.0" encoding="UTF-8"?>
<!-- Generated by org.testng.reporters.JUnitReportReporter -->
<testsuite skipped="0" hostname="IBM242-PC07HSF0" name="com.crm.qa.testcases.LoginPageTest" tests="2" failures="0" timestamp="27 Sep 2018 17:38:24 GMT" time="23.457" errors="0">
  <testcase name="loginPageTitleTest" time="9.331" classname="com.crm.qa.testcases.LoginPageTest"/>
  <testcase name="loginTest" time="14.126" classname="com.crm.qa.testcases.LoginPageTest"/>
</testsuite> <!-- com.crm.qa.testcases.LoginPageTest -->
