<?xml version="1.0" encoding="UTF-8"?>
<!-- Generated by org.testng.reporters.JUnitReportReporter -->
<testsuite skipped="0" hostname="IBM242-PC07HSF0" name="com.crm.qa.testcases.HomePageTest" tests="3" failures="0" timestamp="30 Aug 2018 10:36:20 GMT" time="61.136" errors="0">
  <testcase name="verifyHomePageTitleTest" time="17.968" classname="com.crm.qa.testcases.HomePageTest"/>
  <testcase name="verifyHomePageTitleTest" time="18.773" classname="com.crm.qa.testcases.HomePageTest"/>
  <testcase name="verifyHomePageTitleTest" time="24.395" classname="com.crm.qa.testcases.HomePageTest"/>
</testsuite> <!-- com.crm.qa.testcases.HomePageTest -->
