<?xml version="1.0" encoding="UTF-8"?>
<testsuite xmlns:xsi="http://www.w3.org/2001/XMLSchema-instance" xsi:noNamespaceSchemaLocation="https://maven.apache.org/surefire/maven-surefire-plugin/xsd/surefire-test-report.xsd" name="TestSuite" time="4.957" tests="6" errors="0" skipped="0" failures="0">
  <properties>
    <property name="sun.desktop" value="windows"/>
    <property name="awt.toolkit" value="sun.awt.windows.WToolkit"/>
    <property name="file.encoding.pkg" value="sun.io"/>
    <property name="java.specification.version" value="1.8"/>
    <property name="sun.cpu.isalist" value="amd64"/>
    <property name="sun.jnu.encoding" value="Cp1252"/>
    <property name="java.class.path" value="C:\Users\IBM_ADMIN\GAURAV\Workspace\restapi\target\test-classes;C:\Users\IBM_ADMIN\GAURAV\Workspace\restapi\target\classes;C:\Users\IBM_ADMIN\.m2\repository\org\testng\testng\6.8\testng-6.8.jar;C:\Users\IBM_ADMIN\.m2\repository\junit\junit\4.10\junit-4.10.jar;C:\Users\IBM_ADMIN\.m2\repository\org\beanshell\bsh\2.0b4\bsh-2.0b4.jar;C:\Users\IBM_ADMIN\.m2\repository\com\beust\jcommander\1.27\jcommander-1.27.jar;C:\Users\IBM_ADMIN\.m2\repository\org\yaml\snakeyaml\1.6\snakeyaml-1.6.jar;C:\Users\IBM_ADMIN\.m2\repository\com\jayway\restassured\rest-assured\2.9.0\rest-assured-2.9.0.jar;C:\Users\IBM_ADMIN\.m2\repository\org\codehaus\groovy\groovy\2.4.4\groovy-2.4.4.jar;C:\Users\IBM_ADMIN\.m2\repository\org\codehaus\groovy\groovy-xml\2.4.4\groovy-xml-2.4.4.jar;C:\Users\IBM_ADMIN\.m2\repository\org\apache\httpcomponents\httpclient\4.5.1\httpclient-4.5.1.jar;C:\Users\IBM_ADMIN\.m2\repository\org\apache\httpcomponents\httpcore\4.4.3\httpcore-4.4.3.jar;C:\Users\IBM_ADMIN\.m2\repository\commons-logging\commons-logging\1.2\commons-logging-1.2.jar;C:\Users\IBM_ADMIN\.m2\repository\commons-codec\commons-codec\1.9\commons-codec-1.9.jar;C:\Users\IBM_ADMIN\.m2\repository\org\apache\httpcomponents\httpmime\4.5.1\httpmime-4.5.1.jar;C:\Users\IBM_ADMIN\.m2\repository\org\hamcrest\hamcrest-core\1.3\hamcrest-core-1.3.jar;C:\Users\IBM_ADMIN\.m2\repository\org\hamcrest\hamcrest-library\1.3\hamcrest-library-1.3.jar;C:\Users\IBM_ADMIN\.m2\repository\org\ccil\cowan\tagsoup\tagsoup\1.2.1\tagsoup-1.2.1.jar;C:\Users\IBM_ADMIN\.m2\repository\com\jayway\restassured\json-path\2.9.0\json-path-2.9.0.jar;C:\Users\IBM_ADMIN\.m2\repository\org\codehaus\groovy\groovy-json\2.4.4\groovy-json-2.4.4.jar;C:\Users\IBM_ADMIN\.m2\repository\com\jayway\restassured\rest-assured-common\2.9.0\rest-assured-common-2.9.0.jar;C:\Users\IBM_ADMIN\.m2\repository\com\jayway\restassured\xml-path\2.9.0\xml-path-2.9.0.jar;C:\Users\IBM_ADMIN\.m2\repository\org\apache\commons\commons-lang3\3.3.2\commons-lang3-3.3.2.jar;C:\Users\IBM_ADMIN\.m2\repository\com\jayway\jsonpath\json-path\2.4.0\json-path-2.4.0.jar;C:\Users\IBM_ADMIN\.m2\repository\net\minidev\json-smart\2.3\json-smart-2.3.jar;C:\Users\IBM_ADMIN\.m2\repository\net\minidev\accessors-smart\1.2\accessors-smart-1.2.jar;C:\Users\IBM_ADMIN\.m2\repository\org\ow2\asm\asm\5.0.4\asm-5.0.4.jar;C:\Users\IBM_ADMIN\.m2\repository\org\slf4j\slf4j-api\1.7.25\slf4j-api-1.7.25.jar;C:\Users\IBM_ADMIN\.m2\repository\com\jayway\restassured\json-schema-validator\2.2.0\json-schema-validator-2.2.0.jar;C:\Users\IBM_ADMIN\.m2\repository\com\github\fge\json-schema-validator\2.1.7\json-schema-validator-2.1.7.jar;C:\Users\IBM_ADMIN\.m2\repository\joda-time\joda-time\2.2\joda-time-2.2.jar;C:\Users\IBM_ADMIN\.m2\repository\com\googlecode\libphonenumber\libphonenumber\5.6\libphonenumber-5.6.jar;C:\Users\IBM_ADMIN\.m2\repository\com\github\fge\json-schema-core\1.1.8\json-schema-core-1.1.8.jar;C:\Users\IBM_ADMIN\.m2\repository\com\github\fge\uri-template\0.7\uri-template-0.7.jar;C:\Users\IBM_ADMIN\.m2\repository\com\google\guava\guava\14.0.1\guava-14.0.1.jar;C:\Users\IBM_ADMIN\.m2\repository\com\github\fge\msg-simple\0.9\msg-simple-0.9.jar;C:\Users\IBM_ADMIN\.m2\repository\com\github\fge\btf\1.0\btf-1.0.jar;C:\Users\IBM_ADMIN\.m2\repository\com\github\fge\jackson-coreutils\1.4\jackson-coreutils-1.4.jar;C:\Users\IBM_ADMIN\.m2\repository\com\fasterxml\jackson\core\jackson-databind\2.2.2\jackson-databind-2.2.2.jar;C:\Users\IBM_ADMIN\.m2\repository\com\fasterxml\jackson\core\jackson-annotations\2.2.2\jackson-annotations-2.2.2.jar;C:\Users\IBM_ADMIN\.m2\repository\com\fasterxml\jackson\core\jackson-core\2.2.2\jackson-core-2.2.2.jar;C:\Users\IBM_ADMIN\.m2\repository\org\mozilla\rhino\1.7R4\rhino-1.7R4.jar;C:\Users\IBM_ADMIN\.m2\repository\com\google\inject\guice\3.0\guice-3.0.jar;C:\Users\IBM_ADMIN\.m2\repository\javax\inject\javax.inject\1\javax.inject-1.jar;C:\Users\IBM_ADMIN\.m2\repository\aopalliance\aopalliance\1.0\aopalliance-1.0.jar;C:\Users\IBM_ADMIN\.m2\repository\javax\mail\mailapi\1.4.3\mailapi-1.4.3.jar;C:\Users\IBM_ADMIN\.m2\repository\javax\activation\activation\1.1\activation-1.1.jar;C:\Users\IBM_ADMIN\.m2\repository\com\google\code\findbugs\jsr305\2.0.1\jsr305-2.0.1.jar;C:\Users\IBM_ADMIN\.m2\repository\org\apache\maven\surefire\surefire-testng-utils\2.20.1\surefire-testng-utils-2.20.1.jar;C:\Users\IBM_ADMIN\.m2\repository\org\apache\maven\surefire\surefire-grouper\2.20.1\surefire-grouper-2.20.1.jar;"/>
    <property name="java.vm.vendor" value="Oracle Corporation"/>
    <property name="sun.arch.data.model" value="64"/>
    <property name="user.variant" value=""/>
    <property name="java.vendor.url" value="http://java.oracle.com/"/>
    <property name="user.timezone" value=""/>
    <property name="java.vm.specification.version" value="1.8"/>
    <property name="os.name" value="Windows 7"/>
    <property name="user.country" value="US"/>
    <property name="sun.java.launcher" value="SUN_STANDARD"/>
    <property name="sun.boot.library.path" value="C:\Program Files\Java\jdk1.8.0_73\jre\bin"/>
    <property name="sun.java.command" value="C:\Users\IBM_AD~1\AppData\Local\Temp\surefire6172790734486522446\surefirebooter3961718938168828893.jar C:\Users\IBM_ADMIN\AppData\Local\Temp\surefire6172790734486522446 2018-09-06T16-06-08_599-jvmRun1 surefire2322613534630719286tmp surefire_06352961801211150581tmp"/>
    <property name="surefire.test.class.path" value="C:\Users\IBM_ADMIN\GAURAV\Workspace\restapi\target\test-classes;C:\Users\IBM_ADMIN\GAURAV\Workspace\restapi\target\classes;C:\Users\IBM_ADMIN\.m2\repository\org\testng\testng\6.8\testng-6.8.jar;C:\Users\IBM_ADMIN\.m2\repository\junit\junit\4.10\junit-4.10.jar;C:\Users\IBM_ADMIN\.m2\repository\org\beanshell\bsh\2.0b4\bsh-2.0b4.jar;C:\Users\IBM_ADMIN\.m2\repository\com\beust\jcommander\1.27\jcommander-1.27.jar;C:\Users\IBM_ADMIN\.m2\repository\org\yaml\snakeyaml\1.6\snakeyaml-1.6.jar;C:\Users\IBM_ADMIN\.m2\repository\com\jayway\restassured\rest-assured\2.9.0\rest-assured-2.9.0.jar;C:\Users\IBM_ADMIN\.m2\repository\org\codehaus\groovy\groovy\2.4.4\groovy-2.4.4.jar;C:\Users\IBM_ADMIN\.m2\repository\org\codehaus\groovy\groovy-xml\2.4.4\groovy-xml-2.4.4.jar;C:\Users\IBM_ADMIN\.m2\repository\org\apache\httpcomponents\httpclient\4.5.1\httpclient-4.5.1.jar;C:\Users\IBM_ADMIN\.m2\repository\org\apache\httpcomponents\httpcore\4.4.3\httpcore-4.4.3.jar;C:\Users\IBM_ADMIN\.m2\repository\commons-logging\commons-logging\1.2\commons-logging-1.2.jar;C:\Users\IBM_ADMIN\.m2\repository\commons-codec\commons-codec\1.9\commons-codec-1.9.jar;C:\Users\IBM_ADMIN\.m2\repository\org\apache\httpcomponents\httpmime\4.5.1\httpmime-4.5.1.jar;C:\Users\IBM_ADMIN\.m2\repository\org\hamcrest\hamcrest-core\1.3\hamcrest-core-1.3.jar;C:\Users\IBM_ADMIN\.m2\repository\org\hamcrest\hamcrest-library\1.3\hamcrest-library-1.3.jar;C:\Users\IBM_ADMIN\.m2\repository\org\ccil\cowan\tagsoup\tagsoup\1.2.1\tagsoup-1.2.1.jar;C:\Users\IBM_ADMIN\.m2\repository\com\jayway\restassured\json-path\2.9.0\json-path-2.9.0.jar;C:\Users\IBM_ADMIN\.m2\repository\org\codehaus\groovy\groovy-json\2.4.4\groovy-json-2.4.4.jar;C:\Users\IBM_ADMIN\.m2\repository\com\jayway\restassured\rest-assured-common\2.9.0\rest-assured-common-2.9.0.jar;C:\Users\IBM_ADMIN\.m2\repository\com\jayway\restassured\xml-path\2.9.0\xml-path-2.9.0.jar;C:\Users\IBM_ADMIN\.m2\repository\org\apache\commons\commons-lang3\3.3.2\commons-lang3-3.3.2.jar;C:\Users\IBM_ADMIN\.m2\repository\com\jayway\jsonpath\json-path\2.4.0\json-path-2.4.0.jar;C:\Users\IBM_ADMIN\.m2\repository\net\minidev\json-smart\2.3\json-smart-2.3.jar;C:\Users\IBM_ADMIN\.m2\repository\net\minidev\accessors-smart\1.2\accessors-smart-1.2.jar;C:\Users\IBM_ADMIN\.m2\repository\org\ow2\asm\asm\5.0.4\asm-5.0.4.jar;C:\Users\IBM_ADMIN\.m2\repository\org\slf4j\slf4j-api\1.7.25\slf4j-api-1.7.25.jar;C:\Users\IBM_ADMIN\.m2\repository\com\jayway\restassured\json-schema-validator\2.2.0\json-schema-validator-2.2.0.jar;C:\Users\IBM_ADMIN\.m2\repository\com\github\fge\json-schema-validator\2.1.7\json-schema-validator-2.1.7.jar;C:\Users\IBM_ADMIN\.m2\repository\joda-time\joda-time\2.2\joda-time-2.2.jar;C:\Users\IBM_ADMIN\.m2\repository\com\googlecode\libphonenumber\libphonenumber\5.6\libphonenumber-5.6.jar;C:\Users\IBM_ADMIN\.m2\repository\com\github\fge\json-schema-core\1.1.8\json-schema-core-1.1.8.jar;C:\Users\IBM_ADMIN\.m2\repository\com\github\fge\uri-template\0.7\uri-template-0.7.jar;C:\Users\IBM_ADMIN\.m2\repository\com\google\guava\guava\14.0.1\guava-14.0.1.jar;C:\Users\IBM_ADMIN\.m2\repository\com\github\fge\msg-simple\0.9\msg-simple-0.9.jar;C:\Users\IBM_ADMIN\.m2\repository\com\github\fge\btf\1.0\btf-1.0.jar;C:\Users\IBM_ADMIN\.m2\repository\com\github\fge\jackson-coreutils\1.4\jackson-coreutils-1.4.jar;C:\Users\IBM_ADMIN\.m2\repository\com\fasterxml\jackson\core\jackson-databind\2.2.2\jackson-databind-2.2.2.jar;C:\Users\IBM_ADMIN\.m2\repository\com\fasterxml\jackson\core\jackson-annotations\2.2.2\jackson-annotations-2.2.2.jar;C:\Users\IBM_ADMIN\.m2\repository\com\fasterxml\jackson\core\jackson-core\2.2.2\jackson-core-2.2.2.jar;C:\Users\IBM_ADMIN\.m2\repository\org\mozilla\rhino\1.7R4\rhino-1.7R4.jar;C:\Users\IBM_ADMIN\.m2\repository\com\google\inject\guice\3.0\guice-3.0.jar;C:\Users\IBM_ADMIN\.m2\repository\javax\inject\javax.inject\1\javax.inject-1.jar;C:\Users\IBM_ADMIN\.m2\repository\aopalliance\aopalliance\1.0\aopalliance-1.0.jar;C:\Users\IBM_ADMIN\.m2\repository\javax\mail\mailapi\1.4.3\mailapi-1.4.3.jar;C:\Users\IBM_ADMIN\.m2\repository\javax\activation\activation\1.1\activation-1.1.jar;C:\Users\IBM_ADMIN\.m2\repository\com\google\code\findbugs\jsr305\2.0.1\jsr305-2.0.1.jar;C:\Users\IBM_ADMIN\.m2\repository\org\apache\maven\surefire\surefire-testng-utils\2.20.1\surefire-testng-utils-2.20.1.jar;C:\Users\IBM_ADMIN\.m2\repository\org\apache\maven\surefire\surefire-grouper\2.20.1\surefire-grouper-2.20.1.jar;"/>
    <property name="sun.cpu.endian" value="little"/>
    <property name="user.home" value="C:\Users\IBM_ADMIN"/>
    <property name="user.language" value="en"/>
    <property name="java.specification.vendor" value="Oracle Corporation"/>
    <property name="java.home" value="C:\Program Files\Java\jdk1.8.0_73\jre"/>
    <property name="basedir" value="C:\Users\IBM_ADMIN\GAURAV\Workspace\restapi"/>
    <property name="file.separator" value="\"/>
    <property name="line.separator" value="&#10;"/>
    <property name="java.vm.specification.vendor" value="Oracle Corporation"/>
    <property name="java.specification.name" value="Java Platform API Specification"/>
    <property name="java.awt.graphicsenv" value="sun.awt.Win32GraphicsEnvironment"/>
    <property name="surefire.real.class.path" value="C:\Users\IBM_AD~1\AppData\Local\Temp\surefire6172790734486522446\surefirebooter3961718938168828893.jar"/>
    <property name="sun.boot.class.path" value="C:\Program Files\Java\jdk1.8.0_73\jre\lib\resources.jar;C:\Program Files\Java\jdk1.8.0_73\jre\lib\rt.jar;C:\Program Files\Java\jdk1.8.0_73\jre\lib\sunrsasign.jar;C:\Program Files\Java\jdk1.8.0_73\jre\lib\jsse.jar;C:\Program Files\Java\jdk1.8.0_73\jre\lib\jce.jar;C:\Program Files\Java\jdk1.8.0_73\jre\lib\charsets.jar;C:\Program Files\Java\jdk1.8.0_73\jre\lib\jfr.jar;C:\Program Files\Java\jdk1.8.0_73\jre\classes"/>
    <property name="user.script" value=""/>
    <property name="sun.management.compiler" value="HotSpot 64-Bit Tiered Compilers"/>
    <property name="java.runtime.version" value="1.8.0_73-b02"/>
    <property name="user.name" value="ibm_admin"/>
    <property name="path.separator" value=";"/>
    <property name="os.version" value="6.1"/>
    <property name="java.endorsed.dirs" value="C:\Program Files\Java\jdk1.8.0_73\jre\lib\endorsed"/>
    <property name="java.runtime.name" value="Java(TM) SE Runtime Environment"/>
    <property name="file.encoding" value="Cp1252"/>
    <property name="java.vm.name" value="Java HotSpot(TM) 64-Bit Server VM"/>
    <property name="localRepository" value="C:\Users\IBM_ADMIN\.m2\repository"/>
    <property name="java.vendor.url.bug" value="http://bugreport.sun.com/bugreport/"/>
    <property name="java.io.tmpdir" value="C:\Users\IBM_AD~1\AppData\Local\Temp\"/>
    <property name="java.version" value="1.8.0_73"/>
    <property name="user.dir" value="C:\Users\IBM_ADMIN\GAURAV\Workspace\restapi"/>
    <property name="os.arch" value="amd64"/>
    <property name="java.vm.specification.name" value="Java Virtual Machine Specification"/>
    <property name="java.awt.printerjob" value="sun.awt.windows.WPrinterJob"/>
    <property name="sun.os.patch.level" value="Service Pack 1"/>
    <property name="java.library.path" value="C:\Program Files\Java\jdk1.8.0_73\jre\bin;C:\windows\Sun\Java\bin;C:\windows\system32;C:\windows;C:\Program Files (x86)\Common Files\Oracle\Java\javapath;C:\ProgramData\Oracle\Java\javapath;C:\windows\system32;C:\windows;C:\windows\System32\Wbem;C:\windows\System32\WindowsPowerShell\v1.0\;C:\Program Files (x86)\IBM\Personal Communications\;C:\Program Files (x86)\IBM\Trace Facility\;C:\Program Files (x86)\IBM\Mobility Client\;C:\Program Files\Intel\WiFi\bin\;C:\Program Files\Common Files\Intel\WirelessCommon\;C:\WINDOWS\system32;C:\Users\IBM_ADMIN\AppData\Roaming\npm\node_modules\jshint\bin;C:\Users\IBM_ADMIN\SonarScanner\bin;C:\Users\IBM_ADMIN\GAURAV\maven\bin;C:\Program Files\Intel\WiFi\bin\;C:\Program Files\Common Files\Intel\WirelessCommon\;C:\Program Files\Java\jdk1.8.0_73;C:\WINDOWS\system32;C:\Users\IBM_ADMIN\AppData\Local\Box\Box Edit\;."/>
    <property name="java.vm.info" value="mixed mode"/>
    <property name="java.vendor" value="Oracle Corporation"/>
    <property name="java.vm.version" value="25.73-b02"/>
    <property name="java.ext.dirs" value="C:\Program Files\Java\jdk1.8.0_73\jre\lib\ext;C:\windows\Sun\Java\lib\ext"/>
    <property name="sun.io.unicode.encoding" value="UnicodeLittle"/>
    <property name="java.class.version" value="52.0"/>
  </properties>
  <testcase name="TC_02" classname="restapi.GetAPITest" time="1.991"/>
  <testcase name="TC_02" classname="restapi.GetAPITest" time="0.333"/>
  <testcase name="TC_02" classname="restapi.GetAPITest" time="0.307"/>
  <testcase name="TC_02" classname="restapi.GetAPITest" time="0.359"/>
  <testcase name="TC_02" classname="restapi.GetAPITest" time="0.318"/>
  <testcase name="TC_02" classname="restapi.GetAPITest" time="0.526"/>
</testsuite>