<?xml version="1.0" encoding="UTF-8"?>
<!-- Generated by org.testng.reporters.JUnitReportReporter -->
<testsuite hostname="IBM242-PC07HSF0" name="restapi.GetAPITest" tests="6" failures="0" timestamp="6 Sep 2018 08:41:29 GMT" time="5.221" errors="0">
  <testcase name="TC_02" time="0.270" classname="restapi.GetAPITest"/>
  <testcase name="TC_02" time="3.305" classname="restapi.GetAPITest"/>
  <testcase name="TC_02" time="0.465" classname="restapi.GetAPITest"/>
  <testcase name="TC_02" time="0.390" classname="restapi.GetAPITest"/>
  <testcase name="TC_02" time="0.346" classname="restapi.GetAPITest"/>
  <testcase name="TC_02" time="0.445" classname="restapi.GetAPITest"/>
</testsuite> <!-- restapi.GetAPITest -->
