<?xml version="1.0" encoding="UTF-8"?>
<!-- Generated by org.testng.reporters.JUnitReportReporter -->
<testsuite skipped="0" hostname="IBM242-PC07HSF0" name="automationPackage.demoEventListener" tests="1" failures="0" timestamp="29 Aug 2018 14:28:49 GMT" time="6.351" errors="0">
  <testcase name="testCase" time="6.351" classname="automationPackage.demoEventListener"/>
</testsuite> <!-- automationPackage.demoEventListener -->
