<?xml version="1.0" encoding="UTF-8"?>
<!-- Generated by org.testng.reporters.JUnitReportReporter -->
<testsuite skipped="1" hostname="IBM242-PC07HSF0" name="automationPackage.TestTest" tests="2" failures="0" timestamp="27 Sep 2018 14:00:07 GMT" time="92.356" errors="0">
  <testcase name="testCase2" time="92.356" classname="automationPackage.TestTest"/>
  <testcase name="testCase1" classname="automationPackage.TestTest">
    <skipped/>
  </testcase> <!-- testCase1 -->
</testsuite> <!-- automationPackage.TestTest -->
