<?xml version="1.0" encoding="UTF-8"?>
<!-- Generated by org.testng.reporters.JUnitReportReporter -->
<testsuite skipped="0" hostname="IBM242-PC07HSF0" name="pom.POM_Test" tests="2" failures="0" timestamp="28 Sep 2018 06:58:23 GMT" time="40.906" errors="0">
  <testcase name="loginTest_UsingPageFactory" time="21.948" classname="pom.POM_Test"/>
  <testcase name="loginTest_UsingPOM" time="18.958" classname="pom.POM_Test"/>
</testsuite> <!-- pom.POM_Test -->
