<?xml version="1.0" encoding="UTF-8"?>
<!-- Generated by org.testng.reporters.JUnitReportReporter -->
<testsuite skipped="0" hostname="IBM242-PC07HSF0" name="automationPackage.ZZ_Test2" tests="4" failures="0" timestamp="12 Oct 2018 15:07:10 GMT" time="37.059" errors="0">
  <testcase name="tcTest4" time="11.130" classname="automationPackage.ZZ_Test2"/>
  <testcase name="tcTest6" time="7.909" classname="automationPackage.ZZ_Test2"/>
  <testcase name="tcTest3" time="8.956" classname="automationPackage.ZZ_Test2"/>
  <testcase name="tcTest5" time="9.064" classname="automationPackage.ZZ_Test2"/>
</testsuite> <!-- automationPackage.ZZ_Test2 -->
