<?xml version="1.0" encoding="UTF-8"?>
<!-- Generated by org.testng.reporters.JUnitReportReporter -->
<testsuite skipped="0" hostname="IBM242-PC07HSF0" name="automationPackage.TestNG" tests="1" failures="0" timestamp="12 Oct 2018 14:05:16 GMT" time="7.797" errors="0">
  <testcase name="testCase2" time="7.797" classname="automationPackage.TestNG"/>
</testsuite> <!-- automationPackage.TestNG -->
